============================================================================
| ACPYPE: AnteChamber PYthon Parser interfacE v. 2023.10.27 (c) 2025 AWSdS |
============================================================================
DEBUG: CLI: -i hiv.mol2 -b LIG -o gmx
DEBUG: Python Version 3.11.13 | packaged by conda-forge | (main, Jun 4 2025, 14:48:23) [GCC 13.3.0]
DEBUG: Max execution time tolerance is 3h
DEBUG: /home/coder/anaconda3/envs/amber/bin/antechamber -dr no -i hiv.mol2 -fi mol2 -o tmp -fo ac -pf y
DEBUG: /bin/bash: /home/coder/anaconda3/lib/libtinfo.so.6: no version information available (required by /bin/bash)
Info: The atom type is set to gaff; the options available to the -at flag are
 gaff, gaff2, amber, bcc, abcg2, and sybyl.


DEBUG: setResNameCheckCoords done
WARNING: no charge value given, trying to guess one...
DEBUG: /home/coder/anaconda3/envs/amber/bin/antechamber -dr no -i hiv.mol2 -fi mol2 -o tmp -fo mol2 -c gas -pf n
DEBUG: /home/coder/anaconda3/envs/amber/bin/antechamber -dr no -i tmp -fi mol2 -o tmp -fo mol2 -c wc -cf tmp.crg -pf n
DEBUG: ++++++++++start_quote+++++++++++++++++++++++++++++++++++++++++++++++++++++++++++
DEBUG: /bin/bash: /home/coder/anaconda3/lib/libtinfo.so.6: no version information available (required by /bin/bash)
Info: The atom type is set to gaff; the options available to the -at flag are
 gaff, gaff2, amber, bcc, abcg2, and sybyl.


DEBUG: ++++++++++end_quote+++++++++++++++++++++++++++++++++++++++++++++++++++++++++++++
DEBUG: readMol2TotalCharge: -2.000000000002e-06
DEBUG: Net charge drift '0.000002'
==> ... charge set to 0
==> Executing Antechamber...
DEBUG: /home/coder/anaconda3/envs/amber/bin/antechamber -dr no -i hiv.mol2 -fi mol2 -o LIG_bcc_gaff2.mol2 -fo mol2 -c bcc -nc 0 -m 1 -s 2 -df 2 -at gaff2 -pf n 
==> AC output file present... doing nothing
==> * Antechamber OK *
DEBUG: /home/coder/anaconda3/envs/amber/bin/parmchk2 -i LIG_bcc_gaff2.mol2 -f mol2 -o LIG_AC.frcmod -s 2
==> * Parmchk OK *
==> Topologies files already present... doing nothing
==> * Tleap OK *
==> Removing temporary files...
DEBUG: prmtop and inpcrd files loaded
DEBUG: basename defined = 'LIG'
DEBUG: getCoords done
DEBUG: getABCOEFs done
DEBUG: charge to be balanced: total -0.0009999989
DEBUG: balanceCharges done
DEBUG: Balanced TotalCharge 0.0000000000
DEBUG: PBC = None
DEBUG: getAtoms done
DEBUG: getBonds done
DEBUG: getAngles done
DEBUG: getDihedrals done
==> Using OpenBabel v.3.1.0

==> Writing GROMACS files

==> Disambiguating lower and uppercase atomtypes in GMX top file, even if identical.

DEBUG: writing GRO file
DEBUG: Box size estimated
DEBUG: writing POSRE file
DEBUG: atomTypes 6
DEBUG: GMX atomtypes done
DEBUG: atoms 16
DEBUG: GMX atoms done
DEBUG: bonds 16
DEBUG: GMX bonds done
DEBUG: atomPairs 29
DEBUG: GMX pairs done
DEBUG: angles 24
DEBUG: GMX angles done
DEBUG: setProperDihedralsCoef done
DEBUG: properDihedralsCoefRB 32
DEBUG: properDihedralsAlphaGamma 0
DEBUG: properDihedralsGmx45 34
==> Writing GMX dihedrals for GMX 4.5 and higher.

DEBUG: GMX special proper dihedrals done
DEBUG: improperDihedrals 8
DEBUG: GMX improper dihedrals done
==> Pickle file LIG.pkl already present... doing nothing
==> Removing temporary files...
Total time of execution: 1s
DEBUG: No tmp folder left to be removed
